19-Apr-2024 01:16:09.689 INFO [main] org.apache.catalina.startup.VersionLoggerListener.log Nombre de la versión del servidor: Apache Tomcat/9.0.70
19-Apr-2024 01:16:09.695 INFO [main] org.apache.catalina.startup.VersionLoggerListener.log Server built:                      Dec 1 2022 14:05:47 UTC
19-Apr-2024 01:16:09.695 INFO [main] org.apache.catalina.startup.VersionLoggerListener.log Número de versión de servidor:     9.0.70.0
19-Apr-2024 01:16:09.695 INFO [main] org.apache.catalina.startup.VersionLoggerListener.log OS Name:                           Windows 10
19-Apr-2024 01:16:09.695 INFO [main] org.apache.catalina.startup.VersionLoggerListener.log Versión de Systema Operativo:      10.0
19-Apr-2024 01:16:09.695 INFO [main] org.apache.catalina.startup.VersionLoggerListener.log Arquitectura:                      amd64
19-Apr-2024 01:16:09.696 INFO [main] org.apache.catalina.startup.VersionLoggerListener.log Java Home:                         C:\Program Files\Java\jdk-17
19-Apr-2024 01:16:09.696 INFO [main] org.apache.catalina.startup.VersionLoggerListener.log JVM Version:                       17.0.8+9-LTS-211
19-Apr-2024 01:16:09.696 INFO [main] org.apache.catalina.startup.VersionLoggerListener.log Vededor JVM:                       Oracle Corporation
19-Apr-2024 01:16:09.696 INFO [main] org.apache.catalina.startup.VersionLoggerListener.log CATALINA_BASE:                     C:\Users\Hermosa\Documents\Proyecto\apache-tomcat-9.0.70
19-Apr-2024 01:16:09.696 INFO [main] org.apache.catalina.startup.VersionLoggerListener.log CATALINA_HOME:                     C:\Users\Hermosa\Documents\Proyecto\apache-tomcat-9.0.70
19-Apr-2024 01:16:09.712 INFO [main] org.apache.catalina.startup.VersionLoggerListener.log Command line argument:             --add-opens=java.base/java.lang=ALL-UNNAMED
19-Apr-2024 01:16:09.712 INFO [main] org.apache.catalina.startup.VersionLoggerListener.log Command line argument:             --add-opens=java.base/java.io=ALL-UNNAMED
19-Apr-2024 01:16:09.712 INFO [main] org.apache.catalina.startup.VersionLoggerListener.log Command line argument:             --add-opens=java.base/java.util=ALL-UNNAMED
19-Apr-2024 01:16:09.712 INFO [main] org.apache.catalina.startup.VersionLoggerListener.log Command line argument:             --add-opens=java.base/java.util.concurrent=ALL-UNNAMED
19-Apr-2024 01:16:09.712 INFO [main] org.apache.catalina.startup.VersionLoggerListener.log Command line argument:             --add-opens=java.rmi/sun.rmi.transport=ALL-UNNAMED
19-Apr-2024 01:16:09.713 INFO [main] org.apache.catalina.startup.VersionLoggerListener.log Command line argument:             -Djava.util.logging.config.file=C:\Users\Hermosa\Documents\Proyecto\apache-tomcat-9.0.70\conf\logging.properties
19-Apr-2024 01:16:09.713 INFO [main] org.apache.catalina.startup.VersionLoggerListener.log Command line argument:             -Djava.util.logging.manager=org.apache.juli.ClassLoaderLogManager
19-Apr-2024 01:16:09.713 INFO [main] org.apache.catalina.startup.VersionLoggerListener.log Command line argument:             -Djdk.tls.ephemeralDHKeySize=2048
19-Apr-2024 01:16:09.713 INFO [main] org.apache.catalina.startup.VersionLoggerListener.log Command line argument:             -Djava.protocol.handler.pkgs=org.apache.catalina.webresources
19-Apr-2024 01:16:09.713 INFO [main] org.apache.catalina.startup.VersionLoggerListener.log Command line argument:             -Dignore.endorsed.dirs=
19-Apr-2024 01:16:09.713 INFO [main] org.apache.catalina.startup.VersionLoggerListener.log Command line argument:             -Dcatalina.base=C:\Users\Hermosa\Documents\Proyecto\apache-tomcat-9.0.70
19-Apr-2024 01:16:09.713 INFO [main] org.apache.catalina.startup.VersionLoggerListener.log Command line argument:             -Dcatalina.home=C:\Users\Hermosa\Documents\Proyecto\apache-tomcat-9.0.70
19-Apr-2024 01:16:09.714 INFO [main] org.apache.catalina.startup.VersionLoggerListener.log Command line argument:             -Djava.io.tmpdir=C:\Users\Hermosa\Documents\Proyecto\apache-tomcat-9.0.70\temp
19-Apr-2024 01:16:09.792 INFO [main] org.apache.catalina.core.AprLifecycleListener.lifecycleEvent Cargada la biblioteca nativa APR de Apache Tomcat [1.2.35] con la versión APR [1.7.0].
19-Apr-2024 01:16:09.793 INFO [main] org.apache.catalina.core.AprLifecycleListener.lifecycleEvent Capacidades APR: IPv6 [true], enviar fichero [true], aceptar filtros [false], aleatorio [true], UDS [true].
19-Apr-2024 01:16:09.793 INFO [main] org.apache.catalina.core.AprLifecycleListener.lifecycleEvent APR/OpenSSL configuration: useAprConnector [false], useOpenSSL [true]
19-Apr-2024 01:16:09.872 INFO [main] org.apache.catalina.core.AprLifecycleListener.initializeSSL OpenSSL inicializado correctamente [OpenSSL 1.1.1q  5 Jul 2022]
19-Apr-2024 01:16:10.464 INFO [main] org.apache.coyote.AbstractProtocol.init Inicializando el manejador de protocolo ["http-nio-8080"]

19-Apr-2024 01:16:10.536 INFO [main] org.apache.catalina.startup.Catalina.load Server initialization in [1321] milliseconds
19-Apr-2024 01:16:10.697 INFO [main] org.apache.catalina.core.StandardService.startInternal Arrancando servicio [Catalina]
19-Apr-2024 01:16:10.697 INFO [main] org.apache.catalina.core.StandardEngine.startInternal Starting Servlet engine: [Apache Tomcat/9.0.70]
19-Apr-2024 01:16:10.711 INFO [main] org.apache.catalina.startup.HostConfig.deployDescriptor Desplieque del descriptor de configuración [C:\Users\Hermosa\Documents\Proyecto\apache-tomcat-9.0.70\conf\Catalina\localhost\sfrentas.xml]
19-Apr-2024 01:16:10.756 WARNING [main] org.apache.catalina.startup.HostConfig.deployDescriptor The path attribute with value [/sfrentas] in deployment descriptor [C:\Users\Hermosa\Documents\Proyecto\apache-tomcat-9.0.70\conf\Catalina\localhost\sfrentas.xml] has been ignored
19-Apr-2024 01:16:14.209 INFO [main] org.apache.jasper.servlet.TldScanner.scanJars Al menos un JAR, que se ha explorado buscando TLDs, aún no contenía TLDs. Activar historial de depuración para este historiador para una completa lista de los JARs que fueron explorados y de los que nos se halló TLDs. Saltarse JARs no necesarios durante la exploración puede dar lugar a una mejora de tiempo significativa en el arranque y compilación de JSP .
19-Apr-2024 01:16:14.449 INFO [main] org.apache.catalina.startup.HostConfig.deployDescriptor Deployment of deployment descriptor [C:\Users\Hermosa\Documents\Proyecto\apache-tomcat-9.0.70\conf\Catalina\localhost\sfrentas.xml] has finished in [3.737] ms
19-Apr-2024 01:16:14.449 INFO [main] org.apache.catalina.startup.HostConfig.deployDescriptor Desplieque del descriptor de configuración [C:\Users\Hermosa\Documents\Proyecto\apache-tomcat-9.0.70\conf\Catalina\localhost\WebApplication2.xml]
19-Apr-2024 01:16:14.451 WARNING [main] org.apache.catalina.startup.HostConfig.deployDescriptor The path attribute with value [/WebApplication2] in deployment descriptor [C:\Users\Hermosa\Documents\Proyecto\apache-tomcat-9.0.70\conf\Catalina\localhost\WebApplication2.xml] has been ignored
19-Apr-2024 01:16:14.456 SEVERE [main] org.apache.catalina.startup.HostConfig.deployDescriptor Error durante el despliegue del descriptor de configuración [C:\Users\Hermosa\Documents\Proyecto\apache-tomcat-9.0.70\conf\Catalina\localhost\WebApplication2.xml]
	java.lang.IllegalStateException: Error starting child
		at org.apache.catalina.core.ContainerBase.addChildInternal(ContainerBase.java:729)
		at org.apache.catalina.core.ContainerBase.addChild(ContainerBase.java:698)
		at org.apache.catalina.core.StandardHost.addChild(StandardHost.java:696)
		at org.apache.catalina.startup.HostConfig.deployDescriptor(HostConfig.java:689)
		at org.apache.catalina.startup.HostConfig$DeployDescriptor.run(HostConfig.java:1888)
		at java.base/java.util.concurrent.Executors$RunnableAdapter.call(Executors.java:539)
		at java.base/java.util.concurrent.FutureTask.run(FutureTask.java:264)
		at org.apache.tomcat.util.threads.InlineExecutorService.execute(InlineExecutorService.java:75)
		at java.base/java.util.concurrent.AbstractExecutorService.submit(AbstractExecutorService.java:123)
		at org.apache.catalina.startup.HostConfig.deployDescriptors(HostConfig.java:582)
		at org.apache.catalina.startup.HostConfig.deployApps(HostConfig.java:472)
		at org.apache.catalina.startup.HostConfig.start(HostConfig.java:1617)
		at org.apache.catalina.startup.HostConfig.lifecycleEvent(HostConfig.java:318)
		at org.apache.catalina.util.LifecycleBase.fireLifecycleEvent(LifecycleBase.java:123)
		at org.apache.catalina.util.LifecycleBase.setStateInternal(LifecycleBase.java:423)
		at org.apache.catalina.util.LifecycleBase.setState(LifecycleBase.java:366)
		at org.apache.catalina.core.ContainerBase.startInternal(ContainerBase.java:943)
		at org.apache.catalina.core.StandardHost.startInternal(StandardHost.java:835)
		at org.apache.catalina.util.LifecycleBase.start(LifecycleBase.java:183)
		at org.apache.catalina.core.ContainerBase$StartChild.call(ContainerBase.java:1393)
		at org.apache.catalina.core.ContainerBase$StartChild.call(ContainerBase.java:1383)
		at java.base/java.util.concurrent.FutureTask.run(FutureTask.java:264)
		at org.apache.tomcat.util.threads.InlineExecutorService.execute(InlineExecutorService.java:75)
		at java.base/java.util.concurrent.AbstractExecutorService.submit(AbstractExecutorService.java:145)
		at org.apache.catalina.core.ContainerBase.startInternal(ContainerBase.java:916)
		at org.apache.catalina.core.StandardEngine.startInternal(StandardEngine.java:265)
		at org.apache.catalina.util.LifecycleBase.start(LifecycleBase.java:183)
		at org.apache.catalina.core.StandardService.startInternal(StandardService.java:430)
		at org.apache.catalina.util.LifecycleBase.start(LifecycleBase.java:183)
		at org.apache.catalina.core.StandardServer.startInternal(StandardServer.java:930)
		at org.apache.catalina.util.LifecycleBase.start(LifecycleBase.java:183)
		at org.apache.catalina.startup.Catalina.start(Catalina.java:772)
		at java.base/jdk.internal.reflect.NativeMethodAccessorImpl.invoke0(Native Method)
		at java.base/jdk.internal.reflect.NativeMethodAccessorImpl.invoke(NativeMethodAccessorImpl.java:77)
		at java.base/jdk.internal.reflect.DelegatingMethodAccessorImpl.invoke(DelegatingMethodAccessorImpl.java:43)
		at java.base/java.lang.reflect.Method.invoke(Method.java:568)
		at org.apache.catalina.startup.Bootstrap.start(Bootstrap.java:347)
		at org.apache.catalina.startup.Bootstrap.main(Bootstrap.java:478)
	Caused by: org.apache.catalina.LifecycleException: Failed to start component [org.apache.catalina.webresources.StandardRoot@7a358613]
		at org.apache.catalina.util.LifecycleBase.handleSubClassException(LifecycleBase.java:440)
		at org.apache.catalina.util.LifecycleBase.start(LifecycleBase.java:198)
		at org.apache.catalina.core.StandardContext.resourcesStart(StandardContext.java:4881)
		at org.apache.catalina.core.StandardContext.startInternal(StandardContext.java:5014)
		at org.apache.catalina.util.LifecycleBase.start(LifecycleBase.java:183)
		at org.apache.catalina.core.ContainerBase.addChildInternal(ContainerBase.java:726)
		... 37 more
	Caused by: java.lang.IllegalArgumentException: The main resource set specified [E:\german\WebApplication2\build\web] is not valid
		at org.apache.catalina.webresources.StandardRoot.createMainResourceSet(StandardRoot.java:777)
		at org.apache.catalina.webresources.StandardRoot.startInternal(StandardRoot.java:734)
		at org.apache.catalina.util.LifecycleBase.start(LifecycleBase.java:183)
		... 41 more
19-Apr-2024 01:16:14.462 INFO [main] org.apache.catalina.startup.HostConfig.deployDescriptor Deployment of deployment descriptor [C:\Users\Hermosa\Documents\Proyecto\apache-tomcat-9.0.70\conf\Catalina\localhost\WebApplication2.xml] has finished in [13] ms
19-Apr-2024 01:16:14.463 INFO [main] org.apache.catalina.startup.HostConfig.deployDirectory Desplegando el directorio [C:\Users\Hermosa\Documents\Proyecto\apache-tomcat-9.0.70\webapps\docs] de la aplicación web
19-Apr-2024 01:16:15.245 INFO [main] org.apache.jasper.servlet.TldScanner.scanJars Al menos un JAR, que se ha explorado buscando TLDs, aún no contenía TLDs. Activar historial de depuración para este historiador para una completa lista de los JARs que fueron explorados y de los que nos se halló TLDs. Saltarse JARs no necesarios durante la exploración puede dar lugar a una mejora de tiempo significativa en el arranque y compilación de JSP .
19-Apr-2024 01:16:15.251 INFO [main] org.apache.catalina.startup.HostConfig.deployDirectory Deployment of web application directory [C:\Users\Hermosa\Documents\Proyecto\apache-tomcat-9.0.70\webapps\docs] has finished in [787] ms
19-Apr-2024 01:16:15.251 INFO [main] org.apache.catalina.startup.HostConfig.deployDirectory Desplegando el directorio [C:\Users\Hermosa\Documents\Proyecto\apache-tomcat-9.0.70\webapps\examples] de la aplicación web
19-Apr-2024 01:16:17.566 INFO [main] org.apache.jasper.servlet.TldScanner.scanJars Al menos un JAR, que se ha explorado buscando TLDs, aún no contenía TLDs. Activar historial de depuración para este historiador para una completa lista de los JARs que fueron explorados y de los que nos se halló TLDs. Saltarse JARs no necesarios durante la exploración puede dar lugar a una mejora de tiempo significativa en el arranque y compilación de JSP .
19-Apr-2024 01:16:17.711 INFO [main] org.apache.catalina.startup.HostConfig.deployDirectory Deployment of web application directory [C:\Users\Hermosa\Documents\Proyecto\apache-tomcat-9.0.70\webapps\examples] has finished in [2.460] ms
19-Apr-2024 01:16:17.712 INFO [main] org.apache.catalina.startup.HostConfig.deployDirectory Desplegando el directorio [C:\Users\Hermosa\Documents\Proyecto\apache-tomcat-9.0.70\webapps\host-manager] de la aplicación web
19-Apr-2024 01:16:18.462 INFO [main] org.apache.jasper.servlet.TldScanner.scanJars Al menos un JAR, que se ha explorado buscando TLDs, aún no contenía TLDs. Activar historial de depuración para este historiador para una completa lista de los JARs que fueron explorados y de los que nos se halló TLDs. Saltarse JARs no necesarios durante la exploración puede dar lugar a una mejora de tiempo significativa en el arranque y compilación de JSP .
19-Apr-2024 01:16:18.471 INFO [main] org.apache.catalina.startup.HostConfig.deployDirectory Deployment of web application directory [C:\Users\Hermosa\Documents\Proyecto\apache-tomcat-9.0.70\webapps\host-manager] has finished in [760] ms
19-Apr-2024 01:16:18.472 INFO [main] org.apache.catalina.startup.HostConfig.deployDirectory Desplegando el directorio [C:\Users\Hermosa\Documents\Proyecto\apache-tomcat-9.0.70\webapps\manager] de la aplicación web
19-Apr-2024 01:16:19.127 INFO [main] org.apache.jasper.servlet.TldScanner.scanJars Al menos un JAR, que se ha explorado buscando TLDs, aún no contenía TLDs. Activar historial de depuración para este historiador para una completa lista de los JARs que fueron explorados y de los que nos se halló TLDs. Saltarse JARs no necesarios durante la exploración puede dar lugar a una mejora de tiempo significativa en el arranque y compilación de JSP .
19-Apr-2024 01:16:19.131 INFO [main] org.apache.catalina.startup.HostConfig.deployDirectory Deployment of web application directory [C:\Users\Hermosa\Documents\Proyecto\apache-tomcat-9.0.70\webapps\manager] has finished in [660] ms
19-Apr-2024 01:16:19.132 INFO [main] org.apache.catalina.startup.HostConfig.deployDirectory Desplegando el directorio [C:\Users\Hermosa\Documents\Proyecto\apache-tomcat-9.0.70\webapps\ROOT] de la aplicación web
19-Apr-2024 01:16:19.720 INFO [main] org.apache.jasper.servlet.TldScanner.scanJars Al menos un JAR, que se ha explorado buscando TLDs, aún no contenía TLDs. Activar historial de depuración para este historiador para una completa lista de los JARs que fueron explorados y de los que nos se halló TLDs. Saltarse JARs no necesarios durante la exploración puede dar lugar a una mejora de tiempo significativa en el arranque y compilación de JSP .
19-Apr-2024 01:16:19.726 INFO [main] org.apache.catalina.startup.HostConfig.deployDirectory Deployment of web application directory [C:\Users\Hermosa\Documents\Proyecto\apache-tomcat-9.0.70\webapps\ROOT] has finished in [593] ms
19-Apr-2024 01:16:19.730 INFO [main] org.apache.coyote.AbstractProtocol.start Starting ProtocolHandler ["http-nio-8080"]
19-Apr-2024 01:16:19.936 INFO [main] org.apache.catalina.startup.Catalina.start Server startup in [9399] milliseconds
19-Apr-2024 01:16:48.807 INFO [http-nio-8080-exec-8] org.apache.jasper.servlet.TldScanner.scanJars Al menos un JAR, que se ha explorado buscando TLDs, aún no contenía TLDs. Activar historial de depuración para este historiador para una completa lista de los JARs que fueron explorados y de los que nos se halló TLDs. Saltarse JARs no necesarios durante la exploración puede dar lugar a una mejora de tiempo significativa en el arranque y compilación de JSP .
19-Apr-2024 01:17:17.721 INFO [main] org.apache.catalina.core.StandardServer.await Se ha recibido un comando de apagado a través del puerto de apagado. Parando la instancia del Servidor.
19-Apr-2024 01:17:17.722 INFO [main] org.apache.coyote.AbstractProtocol.pause Pausing ProtocolHandler ["http-nio-8080"]
19-Apr-2024 01:17:17.729 INFO [main] org.apache.catalina.core.StandardService.stopInternal Parando servicio [Catalina]
19-Apr-2024 01:17:17.768 WARNING [main] org.apache.catalina.loader.WebappClassLoaderBase.clearReferencesJdbc La aplicación web [sfrentas] registró el conductor JDBC [com.mysql.jdbc.Driver] pero falló al anular el registro mientras la aplicación web estaba parada. Para prevenir un fallo de memoria, se ha anulado el registro del conductor JDBC por la fuerza.
19-Apr-2024 01:17:17.787 INFO [main] org.apache.coyote.AbstractProtocol.stop Stopping ProtocolHandler ["http-nio-8080"]
19-Apr-2024 01:17:17.801 INFO [main] org.apache.coyote.AbstractProtocol.destroy Destroying ProtocolHandler ["http-nio-8080"]
19-Apr-2024 01:22:18.160 INFO [main] org.apache.catalina.startup.VersionLoggerListener.log Nombre de la versión del servidor: Apache Tomcat/9.0.70
19-Apr-2024 01:22:18.166 INFO [main] org.apache.catalina.startup.VersionLoggerListener.log Server built:                      Dec 1 2022 14:05:47 UTC
19-Apr-2024 01:22:18.166 INFO [main] org.apache.catalina.startup.VersionLoggerListener.log Número de versión de servidor:     9.0.70.0
19-Apr-2024 01:22:18.166 INFO [main] org.apache.catalina.startup.VersionLoggerListener.log OS Name:                           Windows 10
19-Apr-2024 01:22:18.166 INFO [main] org.apache.catalina.startup.VersionLoggerListener.log Versión de Systema Operativo:      10.0
19-Apr-2024 01:22:18.167 INFO [main] org.apache.catalina.startup.VersionLoggerListener.log Arquitectura:                      amd64
19-Apr-2024 01:22:18.167 INFO [main] org.apache.catalina.startup.VersionLoggerListener.log Java Home:                         C:\Program Files\Java\jdk-17
19-Apr-2024 01:22:18.167 INFO [main] org.apache.catalina.startup.VersionLoggerListener.log JVM Version:                       17.0.8+9-LTS-211
19-Apr-2024 01:22:18.167 INFO [main] org.apache.catalina.startup.VersionLoggerListener.log Vededor JVM:                       Oracle Corporation
19-Apr-2024 01:22:18.167 INFO [main] org.apache.catalina.startup.VersionLoggerListener.log CATALINA_BASE:                     C:\Users\Hermosa\Documents\Proyecto\apache-tomcat-9.0.70
19-Apr-2024 01:22:18.167 INFO [main] org.apache.catalina.startup.VersionLoggerListener.log CATALINA_HOME:                     C:\Users\Hermosa\Documents\Proyecto\apache-tomcat-9.0.70
19-Apr-2024 01:22:18.178 INFO [main] org.apache.catalina.startup.VersionLoggerListener.log Command line argument:             --add-opens=java.base/java.lang=ALL-UNNAMED
19-Apr-2024 01:22:18.178 INFO [main] org.apache.catalina.startup.VersionLoggerListener.log Command line argument:             --add-opens=java.base/java.io=ALL-UNNAMED
19-Apr-2024 01:22:18.178 INFO [main] org.apache.catalina.startup.VersionLoggerListener.log Command line argument:             --add-opens=java.base/java.util=ALL-UNNAMED
19-Apr-2024 01:22:18.178 INFO [main] org.apache.catalina.startup.VersionLoggerListener.log Command line argument:             --add-opens=java.base/java.util.concurrent=ALL-UNNAMED
19-Apr-2024 01:22:18.178 INFO [main] org.apache.catalina.startup.VersionLoggerListener.log Command line argument:             --add-opens=java.rmi/sun.rmi.transport=ALL-UNNAMED
19-Apr-2024 01:22:18.179 INFO [main] org.apache.catalina.startup.VersionLoggerListener.log Command line argument:             -Djava.util.logging.config.file=C:\Users\Hermosa\Documents\Proyecto\apache-tomcat-9.0.70\conf\logging.properties
19-Apr-2024 01:22:18.179 INFO [main] org.apache.catalina.startup.VersionLoggerListener.log Command line argument:             -Djava.util.logging.manager=org.apache.juli.ClassLoaderLogManager
19-Apr-2024 01:22:18.179 INFO [main] org.apache.catalina.startup.VersionLoggerListener.log Command line argument:             -Djdk.tls.ephemeralDHKeySize=2048
19-Apr-2024 01:22:18.179 INFO [main] org.apache.catalina.startup.VersionLoggerListener.log Command line argument:             -Djava.protocol.handler.pkgs=org.apache.catalina.webresources
19-Apr-2024 01:22:18.179 INFO [main] org.apache.catalina.startup.VersionLoggerListener.log Command line argument:             -Dignore.endorsed.dirs=
19-Apr-2024 01:22:18.179 INFO [main] org.apache.catalina.startup.VersionLoggerListener.log Command line argument:             -Dcatalina.base=C:\Users\Hermosa\Documents\Proyecto\apache-tomcat-9.0.70
19-Apr-2024 01:22:18.179 INFO [main] org.apache.catalina.startup.VersionLoggerListener.log Command line argument:             -Dcatalina.home=C:\Users\Hermosa\Documents\Proyecto\apache-tomcat-9.0.70
19-Apr-2024 01:22:18.180 INFO [main] org.apache.catalina.startup.VersionLoggerListener.log Command line argument:             -Djava.io.tmpdir=C:\Users\Hermosa\Documents\Proyecto\apache-tomcat-9.0.70\temp
19-Apr-2024 01:22:18.184 INFO [main] org.apache.catalina.core.AprLifecycleListener.lifecycleEvent Cargada la biblioteca nativa APR de Apache Tomcat [1.2.35] con la versión APR [1.7.0].
19-Apr-2024 01:22:18.191 INFO [main] org.apache.catalina.core.AprLifecycleListener.lifecycleEvent Capacidades APR: IPv6 [true], enviar fichero [true], aceptar filtros [false], aleatorio [true], UDS [true].
19-Apr-2024 01:22:18.191 INFO [main] org.apache.catalina.core.AprLifecycleListener.lifecycleEvent APR/OpenSSL configuration: useAprConnector [false], useOpenSSL [true]
19-Apr-2024 01:22:18.197 INFO [main] org.apache.catalina.core.AprLifecycleListener.initializeSSL OpenSSL inicializado correctamente [OpenSSL 1.1.1q  5 Jul 2022]
19-Apr-2024 01:22:18.573 INFO [main] org.apache.coyote.AbstractProtocol.init Inicializando el manejador de protocolo ["http-nio-8080"]

19-Apr-2024 01:22:18.610 INFO [main] org.apache.catalina.startup.Catalina.load Server initialization in [699] milliseconds
19-Apr-2024 01:22:18.679 INFO [main] org.apache.catalina.core.StandardService.startInternal Arrancando servicio [Catalina]
19-Apr-2024 01:22:18.679 INFO [main] org.apache.catalina.core.StandardEngine.startInternal Starting Servlet engine: [Apache Tomcat/9.0.70]
19-Apr-2024 01:22:18.690 INFO [main] org.apache.catalina.startup.HostConfig.deployDescriptor Desplieque del descriptor de configuración [C:\Users\Hermosa\Documents\Proyecto\apache-tomcat-9.0.70\conf\Catalina\localhost\sfrentas.xml]
19-Apr-2024 01:22:18.710 WARNING [main] org.apache.catalina.startup.HostConfig.deployDescriptor The path attribute with value [/sfrentas] in deployment descriptor [C:\Users\Hermosa\Documents\Proyecto\apache-tomcat-9.0.70\conf\Catalina\localhost\sfrentas.xml] has been ignored
19-Apr-2024 01:22:20.559 INFO [main] org.apache.jasper.servlet.TldScanner.scanJars Al menos un JAR, que se ha explorado buscando TLDs, aún no contenía TLDs. Activar historial de depuración para este historiador para una completa lista de los JARs que fueron explorados y de los que nos se halló TLDs. Saltarse JARs no necesarios durante la exploración puede dar lugar a una mejora de tiempo significativa en el arranque y compilación de JSP .
19-Apr-2024 01:22:20.753 INFO [main] org.apache.catalina.startup.HostConfig.deployDescriptor Deployment of deployment descriptor [C:\Users\Hermosa\Documents\Proyecto\apache-tomcat-9.0.70\conf\Catalina\localhost\sfrentas.xml] has finished in [2.060] ms
19-Apr-2024 01:22:20.753 INFO [main] org.apache.catalina.startup.HostConfig.deployDescriptor Desplieque del descriptor de configuración [C:\Users\Hermosa\Documents\Proyecto\apache-tomcat-9.0.70\conf\Catalina\localhost\WebApplication2.xml]
19-Apr-2024 01:22:20.754 WARNING [main] org.apache.catalina.startup.HostConfig.deployDescriptor The path attribute with value [/WebApplication2] in deployment descriptor [C:\Users\Hermosa\Documents\Proyecto\apache-tomcat-9.0.70\conf\Catalina\localhost\WebApplication2.xml] has been ignored
19-Apr-2024 01:22:20.761 SEVERE [main] org.apache.catalina.startup.HostConfig.deployDescriptor Error durante el despliegue del descriptor de configuración [C:\Users\Hermosa\Documents\Proyecto\apache-tomcat-9.0.70\conf\Catalina\localhost\WebApplication2.xml]
	java.lang.IllegalStateException: Error starting child
		at org.apache.catalina.core.ContainerBase.addChildInternal(ContainerBase.java:729)
		at org.apache.catalina.core.ContainerBase.addChild(ContainerBase.java:698)
		at org.apache.catalina.core.StandardHost.addChild(StandardHost.java:696)
		at org.apache.catalina.startup.HostConfig.deployDescriptor(HostConfig.java:689)
		at org.apache.catalina.startup.HostConfig$DeployDescriptor.run(HostConfig.java:1888)
		at java.base/java.util.concurrent.Executors$RunnableAdapter.call(Executors.java:539)
		at java.base/java.util.concurrent.FutureTask.run(FutureTask.java:264)
		at org.apache.tomcat.util.threads.InlineExecutorService.execute(InlineExecutorService.java:75)
		at java.base/java.util.concurrent.AbstractExecutorService.submit(AbstractExecutorService.java:123)
		at org.apache.catalina.startup.HostConfig.deployDescriptors(HostConfig.java:582)
		at org.apache.catalina.startup.HostConfig.deployApps(HostConfig.java:472)
		at org.apache.catalina.startup.HostConfig.start(HostConfig.java:1617)
		at org.apache.catalina.startup.HostConfig.lifecycleEvent(HostConfig.java:318)
		at org.apache.catalina.util.LifecycleBase.fireLifecycleEvent(LifecycleBase.java:123)
		at org.apache.catalina.util.LifecycleBase.setStateInternal(LifecycleBase.java:423)
		at org.apache.catalina.util.LifecycleBase.setState(LifecycleBase.java:366)
		at org.apache.catalina.core.ContainerBase.startInternal(ContainerBase.java:943)
		at org.apache.catalina.core.StandardHost.startInternal(StandardHost.java:835)
		at org.apache.catalina.util.LifecycleBase.start(LifecycleBase.java:183)
		at org.apache.catalina.core.ContainerBase$StartChild.call(ContainerBase.java:1393)
		at org.apache.catalina.core.ContainerBase$StartChild.call(ContainerBase.java:1383)
		at java.base/java.util.concurrent.FutureTask.run(FutureTask.java:264)
		at org.apache.tomcat.util.threads.InlineExecutorService.execute(InlineExecutorService.java:75)
		at java.base/java.util.concurrent.AbstractExecutorService.submit(AbstractExecutorService.java:145)
		at org.apache.catalina.core.ContainerBase.startInternal(ContainerBase.java:916)
		at org.apache.catalina.core.StandardEngine.startInternal(StandardEngine.java:265)
		at org.apache.catalina.util.LifecycleBase.start(LifecycleBase.java:183)
		at org.apache.catalina.core.StandardService.startInternal(StandardService.java:430)
		at org.apache.catalina.util.LifecycleBase.start(LifecycleBase.java:183)
		at org.apache.catalina.core.StandardServer.startInternal(StandardServer.java:930)
		at org.apache.catalina.util.LifecycleBase.start(LifecycleBase.java:183)
		at org.apache.catalina.startup.Catalina.start(Catalina.java:772)
		at java.base/jdk.internal.reflect.NativeMethodAccessorImpl.invoke0(Native Method)
		at java.base/jdk.internal.reflect.NativeMethodAccessorImpl.invoke(NativeMethodAccessorImpl.java:77)
		at java.base/jdk.internal.reflect.DelegatingMethodAccessorImpl.invoke(DelegatingMethodAccessorImpl.java:43)
		at java.base/java.lang.reflect.Method.invoke(Method.java:568)
		at org.apache.catalina.startup.Bootstrap.start(Bootstrap.java:347)
		at org.apache.catalina.startup.Bootstrap.main(Bootstrap.java:478)
	Caused by: org.apache.catalina.LifecycleException: Failed to start component [org.apache.catalina.webresources.StandardRoot@2674d4f6]
		at org.apache.catalina.util.LifecycleBase.handleSubClassException(LifecycleBase.java:440)
		at org.apache.catalina.util.LifecycleBase.start(LifecycleBase.java:198)
		at org.apache.catalina.core.StandardContext.resourcesStart(StandardContext.java:4881)
		at org.apache.catalina.core.StandardContext.startInternal(StandardContext.java:5014)
		at org.apache.catalina.util.LifecycleBase.start(LifecycleBase.java:183)
		at org.apache.catalina.core.ContainerBase.addChildInternal(ContainerBase.java:726)
		... 37 more
	Caused by: java.lang.IllegalArgumentException: The main resource set specified [E:\german\WebApplication2\build\web] is not valid
		at org.apache.catalina.webresources.StandardRoot.createMainResourceSet(StandardRoot.java:777)
		at org.apache.catalina.webresources.StandardRoot.startInternal(StandardRoot.java:734)
		at org.apache.catalina.util.LifecycleBase.start(LifecycleBase.java:183)
		... 41 more
19-Apr-2024 01:22:20.795 INFO [main] org.apache.catalina.startup.HostConfig.deployDescriptor Deployment of deployment descriptor [C:\Users\Hermosa\Documents\Proyecto\apache-tomcat-9.0.70\conf\Catalina\localhost\WebApplication2.xml] has finished in [42] ms
19-Apr-2024 01:22:20.796 INFO [main] org.apache.catalina.startup.HostConfig.deployDirectory Desplegando el directorio [C:\Users\Hermosa\Documents\Proyecto\apache-tomcat-9.0.70\webapps\docs] de la aplicación web
19-Apr-2024 01:22:21.483 INFO [main] org.apache.jasper.servlet.TldScanner.scanJars Al menos un JAR, que se ha explorado buscando TLDs, aún no contenía TLDs. Activar historial de depuración para este historiador para una completa lista de los JARs que fueron explorados y de los que nos se halló TLDs. Saltarse JARs no necesarios durante la exploración puede dar lugar a una mejora de tiempo significativa en el arranque y compilación de JSP .
19-Apr-2024 01:22:21.487 INFO [main] org.apache.catalina.startup.HostConfig.deployDirectory Deployment of web application directory [C:\Users\Hermosa\Documents\Proyecto\apache-tomcat-9.0.70\webapps\docs] has finished in [691] ms
19-Apr-2024 01:22:21.487 INFO [main] org.apache.catalina.startup.HostConfig.deployDirectory Desplegando el directorio [C:\Users\Hermosa\Documents\Proyecto\apache-tomcat-9.0.70\webapps\examples] de la aplicación web
19-Apr-2024 01:22:22.443 INFO [main] org.apache.jasper.servlet.TldScanner.scanJars Al menos un JAR, que se ha explorado buscando TLDs, aún no contenía TLDs. Activar historial de depuración para este historiador para una completa lista de los JARs que fueron explorados y de los que nos se halló TLDs. Saltarse JARs no necesarios durante la exploración puede dar lugar a una mejora de tiempo significativa en el arranque y compilación de JSP .
19-Apr-2024 01:22:22.524 INFO [main] org.apache.catalina.startup.HostConfig.deployDirectory Deployment of web application directory [C:\Users\Hermosa\Documents\Proyecto\apache-tomcat-9.0.70\webapps\examples] has finished in [1.037] ms
19-Apr-2024 01:22:22.524 INFO [main] org.apache.catalina.startup.HostConfig.deployDirectory Desplegando el directorio [C:\Users\Hermosa\Documents\Proyecto\apache-tomcat-9.0.70\webapps\host-manager] de la aplicación web
19-Apr-2024 01:22:22.991 INFO [main] org.apache.jasper.servlet.TldScanner.scanJars Al menos un JAR, que se ha explorado buscando TLDs, aún no contenía TLDs. Activar historial de depuración para este historiador para una completa lista de los JARs que fueron explorados y de los que nos se halló TLDs. Saltarse JARs no necesarios durante la exploración puede dar lugar a una mejora de tiempo significativa en el arranque y compilación de JSP .
19-Apr-2024 01:22:22.999 INFO [main] org.apache.catalina.startup.HostConfig.deployDirectory Deployment of web application directory [C:\Users\Hermosa\Documents\Proyecto\apache-tomcat-9.0.70\webapps\host-manager] has finished in [474] ms
19-Apr-2024 01:22:22.999 INFO [main] org.apache.catalina.startup.HostConfig.deployDirectory Desplegando el directorio [C:\Users\Hermosa\Documents\Proyecto\apache-tomcat-9.0.70\webapps\manager] de la aplicación web
19-Apr-2024 01:22:23.444 INFO [main] org.apache.jasper.servlet.TldScanner.scanJars Al menos un JAR, que se ha explorado buscando TLDs, aún no contenía TLDs. Activar historial de depuración para este historiador para una completa lista de los JARs que fueron explorados y de los que nos se halló TLDs. Saltarse JARs no necesarios durante la exploración puede dar lugar a una mejora de tiempo significativa en el arranque y compilación de JSP .
19-Apr-2024 01:22:23.448 INFO [main] org.apache.catalina.startup.HostConfig.deployDirectory Deployment of web application directory [C:\Users\Hermosa\Documents\Proyecto\apache-tomcat-9.0.70\webapps\manager] has finished in [449] ms
19-Apr-2024 01:22:23.448 INFO [main] org.apache.catalina.startup.HostConfig.deployDirectory Desplegando el directorio [C:\Users\Hermosa\Documents\Proyecto\apache-tomcat-9.0.70\webapps\ROOT] de la aplicación web
19-Apr-2024 01:22:23.885 INFO [main] org.apache.jasper.servlet.TldScanner.scanJars Al menos un JAR, que se ha explorado buscando TLDs, aún no contenía TLDs. Activar historial de depuración para este historiador para una completa lista de los JARs que fueron explorados y de los que nos se halló TLDs. Saltarse JARs no necesarios durante la exploración puede dar lugar a una mejora de tiempo significativa en el arranque y compilación de JSP .
19-Apr-2024 01:22:23.888 INFO [main] org.apache.catalina.startup.HostConfig.deployDirectory Deployment of web application directory [C:\Users\Hermosa\Documents\Proyecto\apache-tomcat-9.0.70\webapps\ROOT] has finished in [440] ms
19-Apr-2024 01:22:23.892 INFO [main] org.apache.coyote.AbstractProtocol.start Starting ProtocolHandler ["http-nio-8080"]
19-Apr-2024 01:22:23.948 INFO [main] org.apache.catalina.startup.Catalina.start Server startup in [5336] milliseconds
19-Apr-2024 01:22:26.045 INFO [http-nio-8080-exec-10] org.apache.catalina.startup.HostConfig.undeploy Repliegue (undeploy) de la aplicación web que tiene como trayectoria de contexto [/sfrentas]
19-Apr-2024 01:22:26.083 INFO [http-nio-8080-exec-5] org.apache.catalina.startup.HostConfig.deployDescriptor Desplieque del descriptor de configuración [C:\Users\Hermosa\Documents\Proyecto\apache-tomcat-9.0.70\conf\Catalina\localhost\sfrentas.xml]
19-Apr-2024 01:22:26.084 WARNING [http-nio-8080-exec-5] org.apache.catalina.startup.HostConfig.deployDescriptor The path attribute with value [/sfrentas] in deployment descriptor [C:\Users\Hermosa\Documents\Proyecto\apache-tomcat-9.0.70\conf\Catalina\localhost\sfrentas.xml] has been ignored
19-Apr-2024 01:22:27.638 INFO [http-nio-8080-exec-5] org.apache.jasper.servlet.TldScanner.scanJars Al menos un JAR, que se ha explorado buscando TLDs, aún no contenía TLDs. Activar historial de depuración para este historiador para una completa lista de los JARs que fueron explorados y de los que nos se halló TLDs. Saltarse JARs no necesarios durante la exploración puede dar lugar a una mejora de tiempo significativa en el arranque y compilación de JSP .
19-Apr-2024 01:22:27.668 INFO [http-nio-8080-exec-5] org.apache.catalina.startup.HostConfig.deployDescriptor Deployment of deployment descriptor [C:\Users\Hermosa\Documents\Proyecto\apache-tomcat-9.0.70\conf\Catalina\localhost\sfrentas.xml] has finished in [1.584] ms
19-Apr-2024 01:22:27.673 INFO [http-nio-8080-exec-6] org.apache.catalina.util.LifecycleBase.start The start() method was called on component [StandardEngine[Catalina].StandardHost[localhost].StandardContext[/sfrentas]] after start() had already been called. The second call will be ignored.
19-Apr-2024 01:27:43.184 WARNING [http-nio-8080-exec-15] org.apache.catalina.loader.WebappClassLoaderBase.clearReferencesJdbc La aplicación web [sfrentas] registró el conductor JDBC [com.mysql.jdbc.Driver] pero falló al anular el registro mientras la aplicación web estaba parada. Para prevenir un fallo de memoria, se ha anulado el registro del conductor JDBC por la fuerza.
19-Apr-2024 01:27:43.700 INFO [http-nio-8080-exec-15] org.apache.catalina.startup.HostConfig.undeploy Repliegue (undeploy) de la aplicación web que tiene como trayectoria de contexto [/sfrentas]
19-Apr-2024 01:27:43.730 INFO [http-nio-8080-exec-17] org.apache.catalina.startup.HostConfig.deployDescriptor Desplieque del descriptor de configuración [C:\Users\Hermosa\Documents\Proyecto\apache-tomcat-9.0.70\conf\Catalina\localhost\sfrentas.xml]
19-Apr-2024 01:27:43.731 WARNING [http-nio-8080-exec-17] org.apache.catalina.startup.HostConfig.deployDescriptor The path attribute with value [/sfrentas] in deployment descriptor [C:\Users\Hermosa\Documents\Proyecto\apache-tomcat-9.0.70\conf\Catalina\localhost\sfrentas.xml] has been ignored
19-Apr-2024 01:27:44.738 INFO [http-nio-8080-exec-17] org.apache.jasper.servlet.TldScanner.scanJars Al menos un JAR, que se ha explorado buscando TLDs, aún no contenía TLDs. Activar historial de depuración para este historiador para una completa lista de los JARs que fueron explorados y de los que nos se halló TLDs. Saltarse JARs no necesarios durante la exploración puede dar lugar a una mejora de tiempo significativa en el arranque y compilación de JSP .
19-Apr-2024 01:27:44.772 INFO [http-nio-8080-exec-17] org.apache.catalina.startup.HostConfig.deployDescriptor Deployment of deployment descriptor [C:\Users\Hermosa\Documents\Proyecto\apache-tomcat-9.0.70\conf\Catalina\localhost\sfrentas.xml] has finished in [1.041] ms
19-Apr-2024 01:27:44.775 INFO [http-nio-8080-exec-20] org.apache.catalina.util.LifecycleBase.start The start() method was called on component [StandardEngine[Catalina].StandardHost[localhost].StandardContext[/sfrentas]] after start() had already been called. The second call will be ignored.
19-Apr-2024 01:29:15.201 WARNING [http-nio-8080-exec-23] org.apache.catalina.loader.WebappClassLoaderBase.clearReferencesJdbc La aplicación web [sfrentas] registró el conductor JDBC [com.mysql.jdbc.Driver] pero falló al anular el registro mientras la aplicación web estaba parada. Para prevenir un fallo de memoria, se ha anulado el registro del conductor JDBC por la fuerza.
19-Apr-2024 01:29:15.713 INFO [http-nio-8080-exec-23] org.apache.catalina.startup.HostConfig.undeploy Repliegue (undeploy) de la aplicación web que tiene como trayectoria de contexto [/sfrentas]
19-Apr-2024 01:29:15.728 INFO [http-nio-8080-exec-29] org.apache.catalina.startup.HostConfig.deployDescriptor Desplieque del descriptor de configuración [C:\Users\Hermosa\Documents\Proyecto\apache-tomcat-9.0.70\conf\Catalina\localhost\sfrentas.xml]
19-Apr-2024 01:29:15.730 WARNING [http-nio-8080-exec-29] org.apache.catalina.startup.HostConfig.deployDescriptor The path attribute with value [/sfrentas] in deployment descriptor [C:\Users\Hermosa\Documents\Proyecto\apache-tomcat-9.0.70\conf\Catalina\localhost\sfrentas.xml] has been ignored
19-Apr-2024 01:29:16.652 INFO [http-nio-8080-exec-29] org.apache.jasper.servlet.TldScanner.scanJars Al menos un JAR, que se ha explorado buscando TLDs, aún no contenía TLDs. Activar historial de depuración para este historiador para una completa lista de los JARs que fueron explorados y de los que nos se halló TLDs. Saltarse JARs no necesarios durante la exploración puede dar lugar a una mejora de tiempo significativa en el arranque y compilación de JSP .
19-Apr-2024 01:29:16.683 INFO [http-nio-8080-exec-29] org.apache.catalina.startup.HostConfig.deployDescriptor Deployment of deployment descriptor [C:\Users\Hermosa\Documents\Proyecto\apache-tomcat-9.0.70\conf\Catalina\localhost\sfrentas.xml] has finished in [955] ms
19-Apr-2024 01:29:16.687 INFO [http-nio-8080-exec-21] org.apache.catalina.util.LifecycleBase.start The start() method was called on component [StandardEngine[Catalina].StandardHost[localhost].StandardContext[/sfrentas]] after start() had already been called. The second call will be ignored.
19-Apr-2024 01:30:53.584 WARNING [http-nio-8080-exec-36] org.apache.catalina.loader.WebappClassLoaderBase.clearReferencesJdbc La aplicación web [sfrentas] registró el conductor JDBC [com.mysql.jdbc.Driver] pero falló al anular el registro mientras la aplicación web estaba parada. Para prevenir un fallo de memoria, se ha anulado el registro del conductor JDBC por la fuerza.
19-Apr-2024 01:30:54.090 INFO [http-nio-8080-exec-36] org.apache.catalina.startup.HostConfig.undeploy Repliegue (undeploy) de la aplicación web que tiene como trayectoria de contexto [/sfrentas]
19-Apr-2024 01:30:54.121 INFO [http-nio-8080-exec-37] org.apache.catalina.startup.HostConfig.deployDescriptor Desplieque del descriptor de configuración [C:\Users\Hermosa\Documents\Proyecto\apache-tomcat-9.0.70\conf\Catalina\localhost\sfrentas.xml]
19-Apr-2024 01:30:54.123 WARNING [http-nio-8080-exec-37] org.apache.catalina.startup.HostConfig.deployDescriptor The path attribute with value [/sfrentas] in deployment descriptor [C:\Users\Hermosa\Documents\Proyecto\apache-tomcat-9.0.70\conf\Catalina\localhost\sfrentas.xml] has been ignored
19-Apr-2024 01:30:55.022 INFO [http-nio-8080-exec-37] org.apache.jasper.servlet.TldScanner.scanJars Al menos un JAR, que se ha explorado buscando TLDs, aún no contenía TLDs. Activar historial de depuración para este historiador para una completa lista de los JARs que fueron explorados y de los que nos se halló TLDs. Saltarse JARs no necesarios durante la exploración puede dar lugar a una mejora de tiempo significativa en el arranque y compilación de JSP .
19-Apr-2024 01:30:55.048 INFO [http-nio-8080-exec-37] org.apache.catalina.startup.HostConfig.deployDescriptor Deployment of deployment descriptor [C:\Users\Hermosa\Documents\Proyecto\apache-tomcat-9.0.70\conf\Catalina\localhost\sfrentas.xml] has finished in [927] ms
19-Apr-2024 01:30:55.051 INFO [http-nio-8080-exec-34] org.apache.catalina.util.LifecycleBase.start The start() method was called on component [StandardEngine[Catalina].StandardHost[localhost].StandardContext[/sfrentas]] after start() had already been called. The second call will be ignored.
19-Apr-2024 01:31:56.363 WARNING [http-nio-8080-exec-49] org.apache.catalina.loader.WebappClassLoaderBase.clearReferencesJdbc La aplicación web [sfrentas] registró el conductor JDBC [com.mysql.jdbc.Driver] pero falló al anular el registro mientras la aplicación web estaba parada. Para prevenir un fallo de memoria, se ha anulado el registro del conductor JDBC por la fuerza.
19-Apr-2024 01:31:56.880 INFO [http-nio-8080-exec-49] org.apache.catalina.startup.HostConfig.undeploy Repliegue (undeploy) de la aplicación web que tiene como trayectoria de contexto [/sfrentas]
19-Apr-2024 01:31:56.913 INFO [http-nio-8080-exec-45] org.apache.catalina.startup.HostConfig.deployDescriptor Desplieque del descriptor de configuración [C:\Users\Hermosa\Documents\Proyecto\apache-tomcat-9.0.70\conf\Catalina\localhost\sfrentas.xml]
19-Apr-2024 01:31:56.915 WARNING [http-nio-8080-exec-45] org.apache.catalina.startup.HostConfig.deployDescriptor The path attribute with value [/sfrentas] in deployment descriptor [C:\Users\Hermosa\Documents\Proyecto\apache-tomcat-9.0.70\conf\Catalina\localhost\sfrentas.xml] has been ignored
19-Apr-2024 01:31:57.810 INFO [http-nio-8080-exec-45] org.apache.jasper.servlet.TldScanner.scanJars Al menos un JAR, que se ha explorado buscando TLDs, aún no contenía TLDs. Activar historial de depuración para este historiador para una completa lista de los JARs que fueron explorados y de los que nos se halló TLDs. Saltarse JARs no necesarios durante la exploración puede dar lugar a una mejora de tiempo significativa en el arranque y compilación de JSP .
19-Apr-2024 01:31:57.835 INFO [http-nio-8080-exec-45] org.apache.catalina.startup.HostConfig.deployDescriptor Deployment of deployment descriptor [C:\Users\Hermosa\Documents\Proyecto\apache-tomcat-9.0.70\conf\Catalina\localhost\sfrentas.xml] has finished in [923] ms
19-Apr-2024 01:31:57.838 INFO [http-nio-8080-exec-44] org.apache.catalina.util.LifecycleBase.start The start() method was called on component [StandardEngine[Catalina].StandardHost[localhost].StandardContext[/sfrentas]] after start() had already been called. The second call will be ignored.
19-Apr-2024 01:32:30.739 WARNING [http-nio-8080-exec-60] org.apache.catalina.loader.WebappClassLoaderBase.clearReferencesJdbc La aplicación web [sfrentas] registró el conductor JDBC [com.mysql.jdbc.Driver] pero falló al anular el registro mientras la aplicación web estaba parada. Para prevenir un fallo de memoria, se ha anulado el registro del conductor JDBC por la fuerza.
19-Apr-2024 01:32:31.243 INFO [http-nio-8080-exec-60] org.apache.catalina.startup.HostConfig.undeploy Repliegue (undeploy) de la aplicación web que tiene como trayectoria de contexto [/sfrentas]
19-Apr-2024 01:32:31.257 INFO [http-nio-8080-exec-54] org.apache.catalina.startup.HostConfig.deployDescriptor Desplieque del descriptor de configuración [C:\Users\Hermosa\Documents\Proyecto\apache-tomcat-9.0.70\conf\Catalina\localhost\sfrentas.xml]
19-Apr-2024 01:32:31.259 WARNING [http-nio-8080-exec-54] org.apache.catalina.startup.HostConfig.deployDescriptor The path attribute with value [/sfrentas] in deployment descriptor [C:\Users\Hermosa\Documents\Proyecto\apache-tomcat-9.0.70\conf\Catalina\localhost\sfrentas.xml] has been ignored
19-Apr-2024 01:32:32.165 INFO [http-nio-8080-exec-54] org.apache.jasper.servlet.TldScanner.scanJars Al menos un JAR, que se ha explorado buscando TLDs, aún no contenía TLDs. Activar historial de depuración para este historiador para una completa lista de los JARs que fueron explorados y de los que nos se halló TLDs. Saltarse JARs no necesarios durante la exploración puede dar lugar a una mejora de tiempo significativa en el arranque y compilación de JSP .
19-Apr-2024 01:32:32.188 INFO [http-nio-8080-exec-54] org.apache.catalina.startup.HostConfig.deployDescriptor Deployment of deployment descriptor [C:\Users\Hermosa\Documents\Proyecto\apache-tomcat-9.0.70\conf\Catalina\localhost\sfrentas.xml] has finished in [931] ms
19-Apr-2024 01:32:32.191 INFO [http-nio-8080-exec-53] org.apache.catalina.util.LifecycleBase.start The start() method was called on component [StandardEngine[Catalina].StandardHost[localhost].StandardContext[/sfrentas]] after start() had already been called. The second call will be ignored.
19-Apr-2024 11:03:03.435 WARNING [http-nio-8080-exec-64] org.apache.catalina.loader.WebappClassLoaderBase.clearReferencesJdbc La aplicación web [sfrentas] registró el conductor JDBC [com.mysql.jdbc.Driver] pero falló al anular el registro mientras la aplicación web estaba parada. Para prevenir un fallo de memoria, se ha anulado el registro del conductor JDBC por la fuerza.
19-Apr-2024 11:03:03.950 INFO [http-nio-8080-exec-64] org.apache.catalina.startup.HostConfig.undeploy Repliegue (undeploy) de la aplicación web que tiene como trayectoria de contexto [/sfrentas]
19-Apr-2024 11:03:03.965 INFO [http-nio-8080-exec-65] org.apache.catalina.startup.HostConfig.deployDescriptor Desplieque del descriptor de configuración [C:\Users\Hermosa\Documents\Proyecto\apache-tomcat-9.0.70\conf\Catalina\localhost\sfrentas.xml]
19-Apr-2024 11:03:03.966 WARNING [http-nio-8080-exec-65] org.apache.catalina.startup.HostConfig.deployDescriptor The path attribute with value [/sfrentas] in deployment descriptor [C:\Users\Hermosa\Documents\Proyecto\apache-tomcat-9.0.70\conf\Catalina\localhost\sfrentas.xml] has been ignored
19-Apr-2024 11:03:04.842 INFO [http-nio-8080-exec-65] org.apache.jasper.servlet.TldScanner.scanJars Al menos un JAR, que se ha explorado buscando TLDs, aún no contenía TLDs. Activar historial de depuración para este historiador para una completa lista de los JARs que fueron explorados y de los que nos se halló TLDs. Saltarse JARs no necesarios durante la exploración puede dar lugar a una mejora de tiempo significativa en el arranque y compilación de JSP .
19-Apr-2024 11:03:04.864 INFO [http-nio-8080-exec-65] org.apache.catalina.startup.HostConfig.deployDescriptor Deployment of deployment descriptor [C:\Users\Hermosa\Documents\Proyecto\apache-tomcat-9.0.70\conf\Catalina\localhost\sfrentas.xml] has finished in [900] ms
19-Apr-2024 11:03:04.867 INFO [http-nio-8080-exec-68] org.apache.catalina.util.LifecycleBase.start The start() method was called on component [StandardEngine[Catalina].StandardHost[localhost].StandardContext[/sfrentas]] after start() had already been called. The second call will be ignored.
