25-Apr-2024 16:51:42.751 INFO [main] org.apache.catalina.core.ApplicationContext.log ContextListener: contextInitialized()
25-Apr-2024 16:51:42.751 INFO [main] org.apache.catalina.core.ApplicationContext.log SessionListener: contextInitialized()
25-Apr-2024 16:51:42.752 INFO [main] org.apache.catalina.core.ApplicationContext.log ContextListener: attributeAdded('StockTicker', 'async.Stockticker@391b01c5')
25-Apr-2024 17:52:49.409 INFO [main] org.apache.catalina.core.ApplicationContext.log SessionListener: contextDestroyed()
25-Apr-2024 17:52:49.409 INFO [main] org.apache.catalina.core.ApplicationContext.log ContextListener: contextDestroyed()
25-Apr-2024 18:10:32.992 INFO [main] org.apache.catalina.core.ApplicationContext.log ContextListener: contextInitialized()
25-Apr-2024 18:10:32.992 INFO [main] org.apache.catalina.core.ApplicationContext.log SessionListener: contextInitialized()
25-Apr-2024 18:10:32.993 INFO [main] org.apache.catalina.core.ApplicationContext.log ContextListener: attributeAdded('StockTicker', 'async.Stockticker@77b27b57')
25-Apr-2024 18:32:08.085 INFO [main] org.apache.catalina.core.ApplicationContext.log SessionListener: contextDestroyed()
25-Apr-2024 18:32:08.085 INFO [main] org.apache.catalina.core.ApplicationContext.log ContextListener: contextDestroyed()
25-Apr-2024 18:39:08.339 INFO [main] org.apache.catalina.core.ApplicationContext.log ContextListener: contextInitialized()
25-Apr-2024 18:39:08.339 INFO [main] org.apache.catalina.core.ApplicationContext.log SessionListener: contextInitialized()
25-Apr-2024 18:39:08.341 INFO [main] org.apache.catalina.core.ApplicationContext.log ContextListener: attributeAdded('StockTicker', 'async.Stockticker@72d0196d')
25-Apr-2024 18:39:24.804 INFO [main] org.apache.catalina.core.ApplicationContext.log SessionListener: contextDestroyed()
25-Apr-2024 18:39:24.804 INFO [main] org.apache.catalina.core.ApplicationContext.log ContextListener: contextDestroyed()
25-Apr-2024 19:05:18.056 INFO [main] org.apache.catalina.core.ApplicationContext.log ContextListener: contextInitialized()
25-Apr-2024 19:05:18.057 INFO [main] org.apache.catalina.core.ApplicationContext.log SessionListener: contextInitialized()
25-Apr-2024 19:05:18.058 INFO [main] org.apache.catalina.core.ApplicationContext.log ContextListener: attributeAdded('StockTicker', 'async.Stockticker@63f2d024')
25-Apr-2024 20:39:28.265 INFO [main] org.apache.catalina.core.ApplicationContext.log SessionListener: contextDestroyed()
25-Apr-2024 20:39:28.265 INFO [main] org.apache.catalina.core.ApplicationContext.log ContextListener: contextDestroyed()
